<?xml version="1.0" encoding="UTF-8"?>
<testsuite xmlns:xsi="http://www.w3.org/2001/XMLSchema-instance" xsi:noNamespaceSchemaLocation="https://maven.apache.org/surefire/maven-surefire-plugin/xsd/surefire-test-report-3.0.xsd" version="3.0" name="TestSuite" time="130.859" tests="15" errors="0" skipped="0" failures="1">
  <properties>
[...]
</properties>
  <testcase name="getCurrentUrl" classname="HomePageTest" time="0.012"/>
  <testcase name="getHomePageTitle" classname="HomePageTest" time="0.006"/>
  <testcase name="getLogoDimension" classname="HomePageTest" time="0.041"/>
  <testcase name="searchGiftFromAutoCompleteTextBox" classname="HomePageTest" time="0.285"/>
  <testcase name="searchGiftFromNavNBar" classname="HomePageTest" time="0.877"/>
  <testcase name="TestCurrentUrl" classname="SearchResultPageTest" time="0.015"/>
  <testcase name="checkNoResultImg" classname="SearchResultPageTest" time="0.028"/>
  <testcase name="checkHeaderTitle" classname="SearchResultPageTest" time="0.022"/>
  <testcase name="pickGift" classname="SearchResultPageTest" time="0.632"/>
  <testcase name="checkHeaderTitle" classname="GiftCardPageTest" time="0.181"/>
  <testcase name="validatePageTitle" classname="GiftCardPageTest" time="0.01">
    <failure message="expected [true] but found [false]" type="java.lang.AssertionError"><![CDATA[java.lang.AssertionError: expected [true] but found [false]
	at GiftCardPageTest.validatePageTitle(GiftCardPageTest.java:35)
]]></failure>
    <system-out><![CDATA[ INFO [main] (GiftCardPageTest.java:34)- Validate Page Title
]]></system-out>
    <system-err><![CDATA[Starting ChromeDriver 97.0.4692.71 (adefa7837d02a07a604c1e6eff0b3a09422ab88d-refs/branch-heads/4692@{#1247}) on port 63044
Only local connections are allowed.
Please see https://chromedriver.chromium.org/security-considerations for suggestions on keeping ChromeDriver safe.
ChromeDriver was started successfully.
Jan 11, 2022 6:53:30 PM org.openqa.selenium.remote.ProtocolHandshake createSession
INFO: Detected dialect: W3C
Jan 11, 2022 6:53:30 PM org.openqa.selenium.devtools.CdpVersionFinder findNearestMatch
WARNING: Unable to find an exact match for CDP version 97, so returning the closest version found: a no-op implementation
Jan 11, 2022 6:53:30 PM org.openqa.selenium.devtools.CdpVersionFinder findNearestMatch
INFO: Unable to find CDP implementation matching 97.
Jan 11, 2022 6:53:30 PM org.openqa.selenium.chromium.ChromiumDriver lambda$new$3
WARNING: Unable to find version of CDP to use for . You may need to include a dependency on a specific version of the CDP using something similar to `org.seleniumhq.selenium:selenium-devtools-v86:4.1.0` where the version ("v86") matches the version of the chromium-based browser you're using and the version number of the artifact is the same as Selenium's.
]]></system-err>
  </testcase>
  <testcase name="InsertMoneyToTextBox" classname="GiftCardPageTest" time="0.347"/>
  <testcase name="sendSenderInfo" classname="HowToSendPageTest" time="0.283"/>
  <testcase name="sendInfo" classname="WhoToSendPageTest" time="1.349"/>
  <testcase name="loginTest" classname="LoginPageTest" time="0.314"/>
</testsuite>