<?xml version="1.0" encoding="UTF-8"?>
<testng-results ignored="0" total="15" passed="14" failed="1" skipped="0">
  <reporter-output>
  </reporter-output>
  <suite started-at="2022-01-11T18:52:07 IST" name="All Test Suite" finished-at="2022-01-11T18:54:17 IST" duration-ms="130158">
    <groups>
    </groups>
    <test started-at="2022-01-11T18:52:07 IST" name="C:/Users/coevy/IdeaProjects/BuymeAutoV" finished-at="2022-01-11T18:54:17 IST" duration-ms="130158">
      <class name="WhoToSendPageTest">
        <test-method is-config="true" signature="setup(java.lang.String,java.lang.String)[pri:0, instance:WhoToSendPageTest@1458ed9c]" started-at="2022-01-11T18:53:58 IST" name="setup" finished-at="2022-01-11T18:54:06 IST" duration-ms="7591" status="PASS">
          <params>
            <param index="0">
              <value>
                <![CDATA[chrome]]>
              </value>
            </param>
            <param index="1">
              <value>
                <![CDATA[https://buyme.co.il/]]>
              </value>
            </param>
          </params>
          <reporter-output>
          </reporter-output>
        </test-method> <!-- setup -->
        <test-method signature="sendInfo()[pri:3, instance:WhoToSendPageTest@1458ed9c]" started-at="2022-01-11T18:54:06 IST" name="sendInfo" finished-at="2022-01-11T18:54:07 IST" duration-ms="1350" status="PASS">
          <reporter-output>
          </reporter-output>
        </test-method> <!-- sendInfo -->
        <test-method is-config="true" signature="tearDown()[pri:0, instance:WhoToSendPageTest@1458ed9c]" started-at="2022-01-11T18:54:07 IST" name="tearDown" finished-at="2022-01-11T18:54:07 IST" duration-ms="112" status="PASS">
          <reporter-output>
          </reporter-output>
        </test-method> <!-- tearDown -->
      </class> <!-- WhoToSendPageTest -->
      <class name="LoginPageTest">
        <test-method is-config="true" signature="setup(java.lang.String,java.lang.String)[pri:0, instance:LoginPageTest@10a9d961]" started-at="2022-01-11T18:54:07 IST" name="setup" finished-at="2022-01-11T18:54:16 IST" duration-ms="9235" status="PASS">
          <params>
            <param index="0">
              <value>
                <![CDATA[chrome]]>
              </value>
            </param>
            <param index="1">
              <value>
                <![CDATA[https://buyme.co.il/]]>
              </value>
            </param>
          </params>
          <reporter-output>
          </reporter-output>
        </test-method> <!-- setup -->
        <test-method signature="loginTest(java.lang.String,java.lang.String)[pri:0, instance:LoginPageTest@10a9d961]" started-at="2022-01-11T18:54:16 IST" name="loginTest" data-provider="A" finished-at="2022-01-11T18:54:17 IST" duration-ms="314" status="PASS">
          <params>
            <param index="0">
              <value>
                <![CDATA[a1b1c1d1@xyz.com]]>
              </value>
            </param>
            <param index="1">
              <value>
                <![CDATA[a1b1c1d1X]]>
              </value>
            </param>
          </params>
          <reporter-output>
          </reporter-output>
        </test-method> <!-- loginTest -->
        <test-method is-config="true" signature="tearDown()[pri:0, instance:LoginPageTest@10a9d961]" started-at="2022-01-11T18:54:17 IST" name="tearDown" finished-at="2022-01-11T18:54:17 IST" duration-ms="118" status="PASS">
          <reporter-output>
          </reporter-output>
        </test-method> <!-- tearDown -->
      </class> <!-- LoginPageTest -->
      <class name="HomePageTest">
        <test-method is-config="true" signature="setup(java.lang.String,java.lang.String)[pri:0, instance:HomePageTest@132e0cc]" started-at="2022-01-11T18:52:07 IST" name="setup" finished-at="2022-01-11T18:52:21 IST" duration-ms="14475" status="PASS">
          <params>
            <param index="0">
              <value>
                <![CDATA[chrome]]>
              </value>
            </param>
            <param index="1">
              <value>
                <![CDATA[https://buyme.co.il/]]>
              </value>
            </param>
          </params>
          <reporter-output>
          </reporter-output>
        </test-method> <!-- setup -->
        <test-method signature="getCurrentUrl()[pri:1, instance:HomePageTest@132e0cc]" started-at="2022-01-11T18:52:21 IST" name="getCurrentUrl" finished-at="2022-01-11T18:52:21 IST" duration-ms="12" status="PASS">
          <reporter-output>
          </reporter-output>
        </test-method> <!-- getCurrentUrl -->
        <test-method is-config="true" signature="tearDown()[pri:0, instance:HomePageTest@132e0cc]" started-at="2022-01-11T18:52:21 IST" name="tearDown" finished-at="2022-01-11T18:52:21 IST" duration-ms="136" status="PASS">
          <reporter-output>
          </reporter-output>
        </test-method> <!-- tearDown -->
        <test-method is-config="true" signature="setup(java.lang.String,java.lang.String)[pri:0, instance:HomePageTest@132e0cc]" started-at="2022-01-11T18:52:21 IST" name="setup" finished-at="2022-01-11T18:52:27 IST" duration-ms="6118" status="PASS">
          <params>
            <param index="0">
              <value>
                <![CDATA[chrome]]>
              </value>
            </param>
            <param index="1">
              <value>
                <![CDATA[https://buyme.co.il/]]>
              </value>
            </param>
          </params>
          <reporter-output>
          </reporter-output>
        </test-method> <!-- setup -->
        <test-method signature="getHomePageTitle()[pri:2, instance:HomePageTest@132e0cc]" started-at="2022-01-11T18:52:27 IST" name="getHomePageTitle" finished-at="2022-01-11T18:52:27 IST" duration-ms="7" status="PASS">
          <reporter-output>
          </reporter-output>
        </test-method> <!-- getHomePageTitle -->
        <test-method is-config="true" signature="tearDown()[pri:0, instance:HomePageTest@132e0cc]" started-at="2022-01-11T18:52:27 IST" name="tearDown" finished-at="2022-01-11T18:52:27 IST" duration-ms="117" status="PASS">
          <reporter-output>
          </reporter-output>
        </test-method> <!-- tearDown -->
        <test-method is-config="true" signature="setup(java.lang.String,java.lang.String)[pri:0, instance:HomePageTest@132e0cc]" started-at="2022-01-11T18:52:27 IST" name="setup" finished-at="2022-01-11T18:52:32 IST" duration-ms="4374" status="PASS">
          <params>
            <param index="0">
              <value>
                <![CDATA[chrome]]>
              </value>
            </param>
            <param index="1">
              <value>
                <![CDATA[https://buyme.co.il/]]>
              </value>
            </param>
          </params>
          <reporter-output>
          </reporter-output>
        </test-method> <!-- setup -->
        <test-method signature="getLogoDimension()[pri:3, instance:HomePageTest@132e0cc]" started-at="2022-01-11T18:52:32 IST" name="getLogoDimension" finished-at="2022-01-11T18:52:32 IST" duration-ms="41" status="PASS">
          <reporter-output>
          </reporter-output>
        </test-method> <!-- getLogoDimension -->
        <test-method is-config="true" signature="tearDown()[pri:0, instance:HomePageTest@132e0cc]" started-at="2022-01-11T18:52:32 IST" name="tearDown" finished-at="2022-01-11T18:52:32 IST" duration-ms="63" status="PASS">
          <reporter-output>
          </reporter-output>
        </test-method> <!-- tearDown -->
        <test-method is-config="true" signature="setup(java.lang.String,java.lang.String)[pri:0, instance:HomePageTest@132e0cc]" started-at="2022-01-11T18:52:32 IST" name="setup" finished-at="2022-01-11T18:52:36 IST" duration-ms="4460" status="PASS">
          <params>
            <param index="0">
              <value>
                <![CDATA[chrome]]>
              </value>
            </param>
            <param index="1">
              <value>
                <![CDATA[https://buyme.co.il/]]>
              </value>
            </param>
          </params>
          <reporter-output>
          </reporter-output>
        </test-method> <!-- setup -->
        <test-method signature="searchGiftFromAutoCompleteTextBox()[pri:4, instance:HomePageTest@132e0cc]" started-at="2022-01-11T18:52:36 IST" name="searchGiftFromAutoCompleteTextBox" finished-at="2022-01-11T18:52:37 IST" duration-ms="285" status="PASS">
          <reporter-output>
          </reporter-output>
        </test-method> <!-- searchGiftFromAutoCompleteTextBox -->
        <test-method is-config="true" signature="tearDown()[pri:0, instance:HomePageTest@132e0cc]" started-at="2022-01-11T18:52:37 IST" name="tearDown" finished-at="2022-01-11T18:52:37 IST" duration-ms="117" status="PASS">
          <reporter-output>
          </reporter-output>
        </test-method> <!-- tearDown -->
        <test-method is-config="true" signature="setup(java.lang.String,java.lang.String)[pri:0, instance:HomePageTest@132e0cc]" started-at="2022-01-11T18:52:37 IST" name="setup" finished-at="2022-01-11T18:52:41 IST" duration-ms="4537" status="PASS">
          <params>
            <param index="0">
              <value>
                <![CDATA[chrome]]>
              </value>
            </param>
            <param index="1">
              <value>
                <![CDATA[https://buyme.co.il/]]>
              </value>
            </param>
          </params>
          <reporter-output>
          </reporter-output>
        </test-method> <!-- setup -->
        <test-method signature="searchGiftFromNavNBar()[pri:5, instance:HomePageTest@132e0cc]" started-at="2022-01-11T18:52:41 IST" name="searchGiftFromNavNBar" finished-at="2022-01-11T18:52:42 IST" duration-ms="876" status="PASS">
          <reporter-output>
          </reporter-output>
        </test-method> <!-- searchGiftFromNavNBar -->
        <test-method is-config="true" signature="tearDown()[pri:0, instance:HomePageTest@132e0cc]" started-at="2022-01-11T18:52:42 IST" name="tearDown" finished-at="2022-01-11T18:52:42 IST" duration-ms="120" status="PASS">
          <reporter-output>
          </reporter-output>
        </test-method> <!-- tearDown -->
      </class> <!-- HomePageTest -->
      <class name="GiftCardPageTest">
        <test-method is-config="true" signature="setup(java.lang.String,java.lang.String)[pri:0, instance:GiftCardPageTest@1c93f6e1]" started-at="2022-01-11T18:53:20 IST" name="setup" finished-at="2022-01-11T18:53:29 IST" duration-ms="8990" status="PASS">
          <params>
            <param index="0">
              <value>
                <![CDATA[chrome]]>
              </value>
            </param>
            <param index="1">
              <value>
                <![CDATA[https://buyme.co.il/]]>
              </value>
            </param>
          </params>
          <reporter-output>
          </reporter-output>
        </test-method> <!-- setup -->
        <test-method signature="checkHeaderTitle()[pri:1, instance:GiftCardPageTest@1c93f6e1]" started-at="2022-01-11T18:53:29 IST" name="checkHeaderTitle" finished-at="2022-01-11T18:53:29 IST" duration-ms="181" status="PASS">
          <reporter-output>
          </reporter-output>
        </test-method> <!-- checkHeaderTitle -->
        <test-method is-config="true" signature="tearDown()[pri:0, instance:GiftCardPageTest@1c93f6e1]" started-at="2022-01-11T18:53:29 IST" name="tearDown" finished-at="2022-01-11T18:53:29 IST" duration-ms="135" status="PASS">
          <reporter-output>
          </reporter-output>
        </test-method> <!-- tearDown -->
        <test-method is-config="true" signature="setup(java.lang.String,java.lang.String)[pri:0, instance:GiftCardPageTest@1c93f6e1]" started-at="2022-01-11T18:53:29 IST" name="setup" finished-at="2022-01-11T18:53:38 IST" duration-ms="8494" status="PASS">
          <params>
            <param index="0">
              <value>
                <![CDATA[chrome]]>
              </value>
            </param>
            <param index="1">
              <value>
                <![CDATA[https://buyme.co.il/]]>
              </value>
            </param>
          </params>
          <reporter-output>
          </reporter-output>
        </test-method> <!-- setup -->
        <test-method signature="validatePageTitle()[pri:2, instance:GiftCardPageTest@1c93f6e1]" started-at="2022-01-11T18:53:38 IST" name="validatePageTitle" finished-at="2022-01-11T18:53:38 IST" duration-ms="4" status="FAIL">
          <exception class="java.lang.AssertionError">
            <message>
              <![CDATA[expected [true] but found [false]]]>
            </message>
            <full-stacktrace>
              <![CDATA[java.lang.AssertionError: expected [true] but found [false]
at org.testng.Assert.fail(Assert.java:110)
at org.testng.Assert.failNotEquals(Assert.java:1413)
at org.testng.Assert.assertTrue(Assert.java:56)
at org.testng.Assert.assertTrue(Assert.java:66)
at GiftCardPageTest.validatePageTitle(GiftCardPageTest.java:35)
at java.base/jdk.internal.reflect.NativeMethodAccessorImpl.invoke0(Native Method)
at java.base/jdk.internal.reflect.NativeMethodAccessorImpl.invoke(NativeMethodAccessorImpl.java:77)
at java.base/jdk.internal.reflect.DelegatingMethodAccessorImpl.invoke(DelegatingMethodAccessorImpl.java:43)
at java.base/java.lang.reflect.Method.invoke(Method.java:568)
at org.testng.internal.invokers.MethodInvocationHelper.invokeMethod(MethodInvocationHelper.java:135)
at org.testng.internal.invokers.TestInvoker.invokeMethod(TestInvoker.java:673)
at org.testng.internal.invokers.TestInvoker.invokeTestMethod(TestInvoker.java:220)
at org.testng.internal.invokers.MethodRunner.runInSequence(MethodRunner.java:50)
at org.testng.internal.invokers.TestInvoker$MethodInvocationAgent.invoke(TestInvoker.java:945)
at org.testng.internal.invokers.TestInvoker.invokeTestMethods(TestInvoker.java:193)
at org.testng.internal.invokers.TestMethodWorker.invokeTestMethods(TestMethodWorker.java:146)
at org.testng.internal.invokers.TestMethodWorker.run(TestMethodWorker.java:128)
at java.base/java.util.ArrayList.forEach(ArrayList.java:1511)
at org.testng.TestRunner.privateRun(TestRunner.java:808)
at org.testng.TestRunner.run(TestRunner.java:603)
at org.testng.SuiteRunner.runTest(SuiteRunner.java:429)
at org.testng.SuiteRunner.runSequentially(SuiteRunner.java:423)
at org.testng.SuiteRunner.privateRun(SuiteRunner.java:383)
at org.testng.SuiteRunner.run(SuiteRunner.java:326)
at org.testng.SuiteRunnerWorker.runSuite(SuiteRunnerWorker.java:52)
at org.testng.SuiteRunnerWorker.run(SuiteRunnerWorker.java:95)
at org.testng.TestNG.runSuitesSequentially(TestNG.java:1249)
at org.testng.TestNG.runSuitesLocally(TestNG.java:1169)
at org.testng.TestNG.runSuites(TestNG.java:1092)
at org.testng.TestNG.run(TestNG.java:1060)
at org.apache.maven.surefire.testng.TestNGExecutor.run(TestNGExecutor.java:283)
at org.apache.maven.surefire.testng.TestNGXmlTestSuite.execute(TestNGXmlTestSuite.java:75)
at org.apache.maven.surefire.testng.TestNGProvider.invoke(TestNGProvider.java:120)
at org.apache.maven.surefire.booter.ForkedBooter.runSuitesInProcess(ForkedBooter.java:377)
at org.apache.maven.surefire.booter.ForkedBooter.execute(ForkedBooter.java:138)
at org.apache.maven.surefire.booter.ForkedBooter.run(ForkedBooter.java:465)
at org.apache.maven.surefire.booter.ForkedBooter.main(ForkedBooter.java:451)
]]>
            </full-stacktrace>
          </exception> <!-- java.lang.AssertionError -->
          <reporter-output>
          </reporter-output>
        </test-method> <!-- validatePageTitle -->
        <test-method is-config="true" signature="tearDown()[pri:0, instance:GiftCardPageTest@1c93f6e1]" started-at="2022-01-11T18:53:38 IST" name="tearDown" finished-at="2022-01-11T18:53:38 IST" duration-ms="65" status="PASS">
          <reporter-output>
          </reporter-output>
        </test-method> <!-- tearDown -->
        <test-method is-config="true" signature="setup(java.lang.String,java.lang.String)[pri:0, instance:GiftCardPageTest@1c93f6e1]" started-at="2022-01-11T18:53:38 IST" name="setup" finished-at="2022-01-11T18:53:44 IST" duration-ms="6188" status="PASS">
          <params>
            <param index="0">
              <value>
                <![CDATA[chrome]]>
              </value>
            </param>
            <param index="1">
              <value>
                <![CDATA[https://buyme.co.il/]]>
              </value>
            </param>
          </params>
          <reporter-output>
          </reporter-output>
        </test-method> <!-- setup -->
        <test-method signature="InsertMoneyToTextBox()[pri:3, instance:GiftCardPageTest@1c93f6e1]" started-at="2022-01-11T18:53:44 IST" name="InsertMoneyToTextBox" finished-at="2022-01-11T18:53:44 IST" duration-ms="347" status="PASS">
          <reporter-output>
          </reporter-output>
        </test-method> <!-- InsertMoneyToTextBox -->
        <test-method is-config="true" signature="tearDown()[pri:0, instance:GiftCardPageTest@1c93f6e1]" started-at="2022-01-11T18:53:44 IST" name="tearDown" finished-at="2022-01-11T18:53:44 IST" duration-ms="106" status="PASS">
          <reporter-output>
          </reporter-output>
        </test-method> <!-- tearDown -->
      </class> <!-- GiftCardPageTest -->
      <class name="SearchResultPageTest">
        <test-method is-config="true" signature="setup(java.lang.String,java.lang.String)[pri:0, instance:SearchResultPageTest@632ceb35]" started-at="2022-01-11T18:52:42 IST" name="setup" finished-at="2022-01-11T18:52:54 IST" duration-ms="11574" status="PASS">
          <params>
            <param index="0">
              <value>
                <![CDATA[chrome]]>
              </value>
            </param>
            <param index="1">
              <value>
                <![CDATA[https://buyme.co.il/]]>
              </value>
            </param>
          </params>
          <reporter-output>
          </reporter-output>
        </test-method> <!-- setup -->
        <test-method signature="TestCurrentUrl()[pri:1, instance:SearchResultPageTest@632ceb35]" started-at="2022-01-11T18:52:54 IST" name="TestCurrentUrl" finished-at="2022-01-11T18:52:54 IST" duration-ms="15" status="PASS">
          <reporter-output>
          </reporter-output>
        </test-method> <!-- TestCurrentUrl -->
        <test-method is-config="true" signature="tearDown()[pri:0, instance:SearchResultPageTest@632ceb35]" started-at="2022-01-11T18:52:54 IST" name="tearDown" finished-at="2022-01-11T18:52:54 IST" duration-ms="85" status="PASS">
          <reporter-output>
          </reporter-output>
        </test-method> <!-- tearDown -->
        <test-method is-config="true" signature="setup(java.lang.String,java.lang.String)[pri:0, instance:SearchResultPageTest@632ceb35]" started-at="2022-01-11T18:52:54 IST" name="setup" finished-at="2022-01-11T18:53:05 IST" duration-ms="11286" status="PASS">
          <params>
            <param index="0">
              <value>
                <![CDATA[chrome]]>
              </value>
            </param>
            <param index="1">
              <value>
                <![CDATA[https://buyme.co.il/]]>
              </value>
            </param>
          </params>
          <reporter-output>
          </reporter-output>
        </test-method> <!-- setup -->
        <test-method signature="checkNoResultImg()[pri:2, instance:SearchResultPageTest@632ceb35]" started-at="2022-01-11T18:53:05 IST" name="checkNoResultImg" finished-at="2022-01-11T18:53:05 IST" duration-ms="28" status="PASS">
          <reporter-output>
          </reporter-output>
        </test-method> <!-- checkNoResultImg -->
        <test-method is-config="true" signature="tearDown()[pri:0, instance:SearchResultPageTest@632ceb35]" started-at="2022-01-11T18:53:05 IST" name="tearDown" finished-at="2022-01-11T18:53:05 IST" duration-ms="93" status="PASS">
          <reporter-output>
          </reporter-output>
        </test-method> <!-- tearDown -->
        <test-method is-config="true" signature="setup(java.lang.String,java.lang.String)[pri:0, instance:SearchResultPageTest@632ceb35]" started-at="2022-01-11T18:53:05 IST" name="setup" finished-at="2022-01-11T18:53:14 IST" duration-ms="8283" status="PASS">
          <params>
            <param index="0">
              <value>
                <![CDATA[chrome]]>
              </value>
            </param>
            <param index="1">
              <value>
                <![CDATA[https://buyme.co.il/]]>
              </value>
            </param>
          </params>
          <reporter-output>
          </reporter-output>
        </test-method> <!-- setup -->
        <test-method signature="checkHeaderTitle()[pri:3, instance:SearchResultPageTest@632ceb35]" started-at="2022-01-11T18:53:14 IST" name="checkHeaderTitle" finished-at="2022-01-11T18:53:14 IST" duration-ms="22" status="PASS">
          <reporter-output>
          </reporter-output>
        </test-method> <!-- checkHeaderTitle -->
        <test-method is-config="true" signature="tearDown()[pri:0, instance:SearchResultPageTest@632ceb35]" started-at="2022-01-11T18:53:14 IST" name="tearDown" finished-at="2022-01-11T18:53:14 IST" duration-ms="92" status="PASS">
          <reporter-output>
          </reporter-output>
        </test-method> <!-- tearDown -->
        <test-method is-config="true" signature="setup(java.lang.String,java.lang.String)[pri:0, instance:SearchResultPageTest@632ceb35]" started-at="2022-01-11T18:53:14 IST" name="setup" finished-at="2022-01-11T18:53:19 IST" duration-ms="5328" status="PASS">
          <params>
            <param index="0">
              <value>
                <![CDATA[chrome]]>
              </value>
            </param>
            <param index="1">
              <value>
                <![CDATA[https://buyme.co.il/]]>
              </value>
            </param>
          </params>
          <reporter-output>
          </reporter-output>
        </test-method> <!-- setup -->
        <test-method signature="pickGift()[pri:4, instance:SearchResultPageTest@632ceb35]" started-at="2022-01-11T18:53:19 IST" name="pickGift" finished-at="2022-01-11T18:53:20 IST" duration-ms="632" status="PASS">
          <reporter-output>
          </reporter-output>
        </test-method> <!-- pickGift -->
        <test-method is-config="true" signature="tearDown()[pri:0, instance:SearchResultPageTest@632ceb35]" started-at="2022-01-11T18:53:20 IST" name="tearDown" finished-at="2022-01-11T18:53:20 IST" duration-ms="70" status="PASS">
          <reporter-output>
          </reporter-output>
        </test-method> <!-- tearDown -->
      </class> <!-- SearchResultPageTest -->
      <class name="HowToSendPageTest">
        <test-method is-config="true" signature="setup(java.lang.String,java.lang.String)[pri:0, instance:HowToSendPageTest@1800a575]" started-at="2022-01-11T18:53:44 IST" name="setup" finished-at="2022-01-11T18:53:58 IST" duration-ms="13243" status="PASS">
          <params>
            <param index="0">
              <value>
                <![CDATA[chrome]]>
              </value>
            </param>
            <param index="1">
              <value>
                <![CDATA[https://buyme.co.il/]]>
              </value>
            </param>
          </params>
          <reporter-output>
          </reporter-output>
        </test-method> <!-- setup -->
        <test-method signature="sendSenderInfo()[pri:1, instance:HowToSendPageTest@1800a575]" started-at="2022-01-11T18:53:58 IST" name="sendSenderInfo" finished-at="2022-01-11T18:53:58 IST" duration-ms="283" status="PASS">
          <reporter-output>
          </reporter-output>
        </test-method> <!-- sendSenderInfo -->
        <test-method is-config="true" signature="tearDown()[pri:0, instance:HowToSendPageTest@1800a575]" started-at="2022-01-11T18:53:58 IST" name="tearDown" finished-at="2022-01-11T18:53:58 IST" duration-ms="117" status="PASS">
          <reporter-output>
          </reporter-output>
        </test-method> <!-- tearDown -->
      </class> <!-- HowToSendPageTest -->
    </test> <!-- C:/Users/coevy/IdeaProjects/BuymeAutoV -->
  </suite> <!-- All Test Suite -->
</testng-results>
