<?xml version="1.0" encoding="UTF-8"?>
<testsuite xmlns:xsi="http://www.w3.org/2001/XMLSchema-instance" xsi:noNamespaceSchemaLocation="https://maven.apache.org/surefire/maven-surefire-plugin/xsd/surefire-test-report-3.0.xsd" version="3.0" name="TestSuite" time="91.706" tests="17" errors="0" skipped="2" failures="2">
  <properties>
[...]
</properties>
  <testcase name="getCurrentUrl" classname="HomePageTest" time="0.054"/>
  <testcase name="getHomePageTitle" classname="HomePageTest" time="0.049"/>
  <testcase name="getLogoDimension" classname="HomePageTest" time="0.042"/>
  <testcase name="searchGiftFromAutoCompleteTextBox" classname="HomePageTest" time="1.22"/>
  <testcase name="searchGiftFromNavNBar" classname="HomePageTest" time="0.861"/>
  <testcase name="TestCurrentUrl" classname="SearchResultPageTest" time="0.012"/>
  <testcase name="checkNoResultImg" classname="SearchResultPageTest" time="0.019"/>
  <testcase name="checkHeaderTitle" classname="SearchResultPageTest" time="0.02"/>
  <testcase name="pickGift" classname="SearchResultPageTest" time="0.609"/>
  <testcase name="checkHeaderTitle" classname="GiftCardPageTest" time="0.171">
    <failure message="expected [true] but found [false]" type="java.lang.AssertionError"><![CDATA[java.lang.AssertionError: expected [true] but found [false]
	at GiftCardPageTest.checkHeaderTitle(GiftCardPageTest.java:30)
]]></failure>
    <system-out><![CDATA[ INFO [main] (GiftCardPageTest.java:29)- Validate Page main header
]]></system-out>
    <system-err><![CDATA[Starting ChromeDriver 97.0.4692.71 (adefa7837d02a07a604c1e6eff0b3a09422ab88d-refs/branch-heads/4692@{#1247}) on port 52211
Only local connections are allowed.
Please see https://chromedriver.chromium.org/security-considerations for suggestions on keeping ChromeDriver safe.
ChromeDriver was started successfully.
Jan 12, 2022 11:48:28 PM org.openqa.selenium.remote.ProtocolHandshake createSession
INFO: Detected dialect: W3C
Jan 12, 2022 11:48:28 PM org.openqa.selenium.devtools.CdpVersionFinder findNearestMatch
WARNING: Unable to find an exact match for CDP version 97, so returning the closest version found: a no-op implementation
Jan 12, 2022 11:48:28 PM org.openqa.selenium.devtools.CdpVersionFinder findNearestMatch
INFO: Unable to find CDP implementation matching 97.
Jan 12, 2022 11:48:28 PM org.openqa.selenium.chromium.ChromiumDriver lambda$new$3
WARNING: Unable to find version of CDP to use for . You may need to include a dependency on a specific version of the CDP using something similar to `org.seleniumhq.selenium:selenium-devtools-v86:4.1.0` where the version ("v86") matches the version of the chromium-based browser you're using and the version number of the artifact is the same as Selenium's.
]]></system-err>
  </testcase>
  <testcase name="validatePageTitle" classname="GiftCardPageTest" time="0.006"/>
  <testcase name="setup" classname="GiftCardPageTest" time="6.038">
    <failure message="stale element reference: element is not attached to the page document&#10;  (Session info: headless chrome=97.0.4692.71)&#10;For documentation on this error, please visit: https://selenium.dev/exceptions/#stale_element_reference&#10;Build info: version: &apos;4.1.0&apos;, revision: &apos;87802e897b&apos;&#10;System info: host: &apos;EVYATAR&apos;, ip: &apos;192.168.1.102&apos;, os.name: &apos;Windows 10&apos;, os.arch: &apos;amd64&apos;, os.version: &apos;10.0&apos;, java.version: &apos;17.0.1&apos;&#10;Driver info: org.openqa.selenium.chrome.ChromeDriver&#10;Command: [923dbca0dd11342787d2240bd5c5eb90, clickElement {id=b0e8e074-b10e-4b87-9220-399a6a6d6cd7}]&#10;Capabilities {acceptInsecureCerts: false, browserName: chrome, browserVersion: 97.0.4692.71, chrome: {chromedriverVersion: 97.0.4692.71 (adefa7837d02a..., userDataDir: C:\Users\coevy\AppData\Loca...}, goog:chromeOptions: {debuggerAddress: localhost:49874}, javascriptEnabled: true, networkConnectionEnabled: false, pageLoadStrategy: normal, platform: WINDOWS, platformName: WINDOWS, proxy: Proxy(), se:cdp: ws://localhost:49874/devtoo..., se:cdpVersion: 97.0.4692.71, setWindowRect: true, strictFileInteractability: false, timeouts: {implicit: 0, pageLoad: 300000, script: 30000}, unhandledPromptBehavior: dismiss and notify, webauthn:extension:credBlob: true, webauthn:extension:largeBlob: true, webauthn:virtualAuthenticators: true}&#10;Element: [[ChromeDriver: chrome on WINDOWS (923dbca0dd11342787d2240bd5c5eb90)] -&gt; css selector: .selected-text]&#10;Session ID: 923dbca0dd11342787d2240bd5c5eb90" type="org.openqa.selenium.StaleElementReferenceException"><![CDATA[org.openqa.selenium.StaleElementReferenceException: 
stale element reference: element is not attached to the page document
  (Session info: headless chrome=97.0.4692.71)
For documentation on this error, please visit: https://selenium.dev/exceptions/#stale_element_reference
Build info: version: '4.1.0', revision: '87802e897b'
System info: host: 'EVYATAR', ip: '192.168.1.102', os.name: 'Windows 10', os.arch: 'amd64', os.version: '10.0', java.version: '17.0.1'
Driver info: org.openqa.selenium.chrome.ChromeDriver
Command: [923dbca0dd11342787d2240bd5c5eb90, clickElement {id=b0e8e074-b10e-4b87-9220-399a6a6d6cd7}]
Capabilities {acceptInsecureCerts: false, browserName: chrome, browserVersion: 97.0.4692.71, chrome: {chromedriverVersion: 97.0.4692.71 (adefa7837d02a..., userDataDir: C:\Users\coevy\AppData\Loca...}, goog:chromeOptions: {debuggerAddress: localhost:49874}, javascriptEnabled: true, networkConnectionEnabled: false, pageLoadStrategy: normal, platform: WINDOWS, platformName: WINDOWS, proxy: Proxy(), se:cdp: ws://localhost:49874/devtoo..., se:cdpVersion: 97.0.4692.71, setWindowRect: true, strictFileInteractability: false, timeouts: {implicit: 0, pageLoad: 300000, script: 30000}, unhandledPromptBehavior: dismiss and notify, webauthn:extension:credBlob: true, webauthn:extension:largeBlob: true, webauthn:virtualAuthenticators: true}
Element: [[ChromeDriver: chrome on WINDOWS (923dbca0dd11342787d2240bd5c5eb90)] -> css selector: .selected-text]
Session ID: 923dbca0dd11342787d2240bd5c5eb90
	at GiftCardPageTest.setup(GiftCardPageTest.java:24)
]]></failure>
    <system-err><![CDATA[Starting ChromeDriver 97.0.4692.71 (adefa7837d02a07a604c1e6eff0b3a09422ab88d-refs/branch-heads/4692@{#1247}) on port 54531
Only local connections are allowed.
Please see https://chromedriver.chromium.org/security-considerations for suggestions on keeping ChromeDriver safe.
ChromeDriver was started successfully.
Jan 12, 2022 11:48:41 PM org.openqa.selenium.remote.ProtocolHandshake createSession
INFO: Detected dialect: W3C
Jan 12, 2022 11:48:41 PM org.openqa.selenium.devtools.CdpVersionFinder findNearestMatch
WARNING: Unable to find an exact match for CDP version 97, so returning the closest version found: a no-op implementation
Jan 12, 2022 11:48:41 PM org.openqa.selenium.devtools.CdpVersionFinder findNearestMatch
INFO: Unable to find CDP implementation matching 97.
Jan 12, 2022 11:48:41 PM org.openqa.selenium.chromium.ChromiumDriver lambda$new$3
WARNING: Unable to find version of CDP to use for . You may need to include a dependency on a specific version of the CDP using something similar to `org.seleniumhq.selenium:selenium-devtools-v86:4.1.0` where the version ("v86") matches the version of the chromium-based browser you're using and the version number of the artifact is the same as Selenium's.
]]></system-err>
  </testcase>
  <testcase name="InsertMoneyToTextBox" classname="GiftCardPageTest" time="0">
    <skipped message="stale element reference: element is not attached to the page document&#10;  (Session info: headless chrome=97.0.4692.71)&#10;For documentation on this error, please visit: https://selenium.dev/exceptions/#stale_element_reference&#10;Build info: version: &apos;4.1.0&apos;, revision: &apos;87802e897b&apos;&#10;System info: host: &apos;EVYATAR&apos;, ip: &apos;192.168.1.102&apos;, os.name: &apos;Windows 10&apos;, os.arch: &apos;amd64&apos;, os.version: &apos;10.0&apos;, java.version: &apos;17.0.1&apos;&#10;Driver info: org.openqa.selenium.chrome.ChromeDriver&#10;Command: [923dbca0dd11342787d2240bd5c5eb90, clickElement {id=b0e8e074-b10e-4b87-9220-399a6a6d6cd7}]&#10;Capabilities {acceptInsecureCerts: false, browserName: chrome, browserVersion: 97.0.4692.71, chrome: {chromedriverVersion: 97.0.4692.71 (adefa7837d02a..., userDataDir: C:\Users\coevy\AppData\Loca...}, goog:chromeOptions: {debuggerAddress: localhost:49874}, javascriptEnabled: true, networkConnectionEnabled: false, pageLoadStrategy: normal, platform: WINDOWS, platformName: WINDOWS, proxy: Proxy(), se:cdp: ws://localhost:49874/devtoo..., se:cdpVersion: 97.0.4692.71, setWindowRect: true, strictFileInteractability: false, timeouts: {implicit: 0, pageLoad: 300000, script: 30000}, unhandledPromptBehavior: dismiss and notify, webauthn:extension:credBlob: true, webauthn:extension:largeBlob: true, webauthn:virtualAuthenticators: true}&#10;Element: [[ChromeDriver: chrome on WINDOWS (923dbca0dd11342787d2240bd5c5eb90)] -&gt; css selector: .selected-text]&#10;Session ID: 923dbca0dd11342787d2240bd5c5eb90"/>
  </testcase>
  <testcase name="tearDown" classname="GiftCardPageTest" time="0">
    <skipped/>
  </testcase>
  <testcase name="sendSenderInfo" classname="HowToSendPageTest" time="0.276"/>
  <testcase name="sendInfo" classname="WhoToSendPageTest" time="1.246"/>
  <testcase name="loginTest" classname="LoginPageTest" time="0.318"/>
</testsuite>